Arguments: 
  C:\Program Files\nodejs\node.exe C:\Program Files (x86)\Yarn\bin\yarn.js add

PATH: 
  C:\Ruby24-x64\bin;C:\Windows\system32;C:\Windows;C:\Windows\System32\Wbem;C:\Windows\System32\WindowsPowerShell\v1.0\;C:\Program Files (x86)\NVIDIA Corporation\PhysX\Common;C:\Program Files (x86)\Windows Kits\8.1\Windows Performance Toolkit\;C:\Program Files (x86)\Microsoft SDKs\TypeScript\1.0\;C:\Program Files\TortoiseGit\bin;C:\Program Files\Git\cmd;C:\Program Files (x86)\Yarn\bin\;C:\Program Files\nodejs\;C:\Program Files (x86)\Yarn;C:\Users\Administrator\AppData\Roaming\npm

Yarn version: 
  1.5.1

Node version: 
  9.11.1

Platform: 
  win32 x64

npm manifest: 
  {
    "name": "vcmeetup-plus",
    "version": "0.0.2",
    "description": "A WePY project",
    "main": "dist/app.js",
    "scripts": {
      "dev": "wepy build --watch",
      "build": "cross-env NODE_ENV=production wepy build --no-cache",
      "dev:web": "wepy build --output web",
      "clean": "find ./dist -maxdepth 1 -not -name 'project.config.json' -not -name 'dist' | xargs rm -rf",
      "test": "echo \"Error: no test specified\" && exit 1"
    },
    "wepy": {
      "module-a": false,
      "./src/components/list": "./src/components/wepy-list.wpy"
    },
    "author": "riguang <102936778@qq.com>",
    "license": "MIT",
    "dependencies": {
      "lodash": "^4.17.5",
      "redux": "^3.7.2",
      "redux-actions": "^2.2.1",
      "redux-promise": "^0.5.3",
      "wepy-redux": "^1.5.3",
      "wepy": "^1.6.0",
      "wepy-async-function": "^1.4.4",
      "wepy-com-toast": "^1.0.2"
    },
    "devDependencies": {
      "babel-eslint": "^7.2.1",
      "babel-plugin-transform-class-properties": "^6.24.1",
      "babel-plugin-transform-decorators-legacy": "^1.3.4",
      "babel-plugin-transform-export-extensions": "^6.22.0",
      "babel-plugin-transform-object-rest-spread": "^6.26.0",
      "babel-preset-env": "^1.6.1",
      "cross-env": "^5.1.3",
      "eslint": "^3.18.0",
      "eslint-config-standard": "^7.1.0",
      "eslint-friendly-formatter": "^2.0.7",
      "eslint-plugin-html": "^2.0.1",
      "eslint-plugin-promise": "^3.5.0",
      "eslint-plugin-standard": "^2.0.1",
      "util": "^0.10.3",
      "wepy-compiler-babel": "^1.5.1",
      "wepy-compiler-less": "^1.3.10",
      "wepy-eslint": "^1.5.3"
    }
  }

yarn manifest: 
  No manifest

Lockfile: 
  No lockfile

Trace: 
  Error: Missing list of packages to add to your project.
      at new MessageError (C:\Program Files (x86)\Yarn\lib\cli.js:186:110)
      at Object.<anonymous> (C:\Program Files (x86)\Yarn\lib\cli.js:40587:13)
      at Generator.next (<anonymous>)
      at step (C:\Program Files (x86)\Yarn\lib\cli.js:98:30)
      at C:\Program Files (x86)\Yarn\lib\cli.js:116:14
      at new Promise (<anonymous>)
      at new F (C:\Program Files (x86)\Yarn\lib\cli.js:23451:28)
      at Object.<anonymous> (C:\Program Files (x86)\Yarn\lib\cli.js:95:12)
      at Object.run (C:\Program Files (x86)\Yarn\lib\cli.js:40599:19)
      at run (C:\Program Files (x86)\Yarn\lib\cli.js:89113:20)
